2025-11-16 16:35:15.359 error: 	david--La categoría es requerida La categoría es requerida
2025-11-16 16:37:49.390 error: 	david--Se produjo un error interno del servidor 
Invalid `this.prisma.categoria.findFirst()` invocation in
E:\Progra 7\Proyecto\server\source\controllers\ticketController.ts:577:53

  574   return next(AppError.badRequest("La etiqueta es requerida"));
  575 }
  576 
→ 577 const categoria = await this.prisma.categoria.findFirst({
        where: {
          id: "1",
              ~~~
          activa: true
        }
      })

Argument `id`: Invalid value provided. Expected IntFilter or Int, provided String.
2025-11-16 16:38:20.583 error: 	david--Se produjo un error interno del servidor 
Invalid `this.prisma.categoriaEtiqueta.findFirst()` invocation in
E:\Progra 7\Proyecto\server\source\controllers\ticketController.ts:588:69

  585   return next(AppError.badRequest("La categoría seleccionada no existe o no está activa"));
  586 }
  587 
→ 588 const etiquetaCategoria = await this.prisma.categoriaEtiqueta.findFirst({
        where: {
          categoriaId: 1,
          etiquetaId: "3"
                      ~~~
        },
        include: {
          etiqueta: true
        }
      })

Argument `etiquetaId`: Invalid value provided. Expected IntFilter or Int, provided String.
